<?xml version="1.0" encoding="UTF-8"?>
<!-- Generated by org.testng.reporters.JUnitXMLReporter -->
<testsuite hostname="DESKTOP-7KKEQD2" ignored="0" name="Default test" tests="5" failures="0" timestamp="17 Dec 2020 18:09:04 GMT" time="227.995" errors="0">
  <testcase name="tc1" time="12.009" classname="org.test.SnapDeal"/>
  <testcase name="tc1" time="87.087" classname="org.test.SnapDeal"/>
  <testcase name="tc1" time="32.287" classname="org.test.SnapDeal"/>
  <testcase name="tc1" time="34.849" classname="org.test.SnapDeal"/>
  <testcase name="tc1" time="52.261" classname="org.test.SnapDeal"/>
</testsuite> <!-- Default test -->
